2024-07-19 11:52:26,242 [Worker-0: Loading available Gradle versions] INFO  o.e.b.c.i.u.g.PublishedGradleVersions - Gradle version information cache is up-to-date. Trying to read.
2024-07-19 13:15:28,263 [Worker-6: Loading available Gradle versions] INFO  o.e.b.c.i.u.g.PublishedGradleVersions - Gradle version information cache is up-to-date. Trying to read.
2024-07-19 13:19:28,298 [Worker-12: Importing Maven projects] INFO  o.e.m.c.i.l.LifecycleMappingFactory - Using org.eclipse.m2e.jdt.JarLifecycleMapping lifecycle mapping for MavenProject: test:ex01:0.0.1-SNAPSHOT @ C:\Users\SAMSUNG\Desktop\workspace\JPA_Example\pom.xml.
2024-07-19 13:19:28,305 [Worker-12: Importing Maven projects] WARN  o.a.m.r.i.DefaultArtifactDescriptorReader - The artifact org.hibernate:hibernate-core:jar:6.4.2.Final has been relocated to org.hibernate.orm:hibernate-core:jar:6.4.2.Final
2024-07-19 13:19:29,099 [Worker-12: Importing Maven projects] INFO  o.e.m.j.i.AbstractJavaProjectConfigurator - Adding source folder /JPA_Example/src/main/java
2024-07-19 13:19:29,101 [Worker-12: Importing Maven projects] INFO  o.e.m.j.i.AbstractJavaProjectConfigurator - Adding resource folder /JPA_Example/src/main/resources
2024-07-19 13:19:29,102 [Worker-12: Importing Maven projects] INFO  o.e.m.j.i.AbstractJavaProjectConfigurator - Adding source folder /JPA_Example/src/test/java
2024-07-19 13:19:29,266 [Worker-12: Importing Maven projects] INFO  o.e.m.c.i.p.ProjectConfigurationManager - Imported and configured 1 project(s) in 2 sec
2024-07-19 13:19:31,332 [Worker-12: Building] WARN  o.a.m.r.i.DefaultArtifactDescriptorReader - The artifact org.hibernate:hibernate-core:jar:6.4.2.Final has been relocated to org.hibernate.orm:hibernate-core:jar:6.4.2.Final
2024-07-19 13:19:31,437 [Worker-12: Building] INFO  o.e.m.c.i.embedder.EclipseLogger - Using 'UTF-8' encoding to copy filtered resources.
2024-07-19 13:19:31,443 [Worker-12: Building] INFO  o.e.m.c.i.embedder.EclipseLogger - Copying 2 resources
2024-07-19 13:19:31,477 [Worker-12: Building] INFO  o.e.m.c.i.embedder.EclipseLogger - Using 'UTF-8' encoding to copy filtered resources.
2024-07-19 13:19:31,478 [Worker-12: Building] INFO  o.e.m.c.i.embedder.EclipseLogger - skip non existing resourceDirectory C:\Users\SAMSUNG\Desktop\workspace\JPA_Example\src\test\resources
2024-07-19 13:21:30,926 [Worker-8: Building] INFO  o.e.m.c.i.embedder.EclipseLogger - Using 'UTF-8' encoding to copy filtered resources.
2024-07-19 13:21:30,930 [Worker-8: Building] INFO  o.e.m.c.i.embedder.EclipseLogger - Copying 2 resources
2024-07-19 13:21:30,939 [Worker-8: Building] INFO  o.e.m.c.i.embedder.EclipseLogger - Using 'UTF-8' encoding to copy filtered resources.
2024-07-19 13:21:30,939 [Worker-8: Building] INFO  o.e.m.c.i.embedder.EclipseLogger - skip non existing resourceDirectory C:\Users\SAMSUNG\Desktop\workspace\JPA_Example\src\test\resources
2024-07-19 13:24:40,130 [Worker-8: Creating maven-archetype-quickstart] INFO  o.e.m.c.i.p.ProjectConfigurationManager - Collecting project info '/pom.xml' C:\Users\SAMSUNG\Desktop\workspace\jpashop\pom.xml
2024-07-19 13:24:40,221 [Worker-8: Creating maven-archetype-quickstart] INFO  o.e.m.c.i.l.LifecycleMappingFactory - Using org.eclipse.m2e.jdt.JarLifecycleMapping lifecycle mapping for MavenProject: jpabook:jpashop:0.0.1-SNAPSHOT @ C:\Users\SAMSUNG\Desktop\workspace\jpashop\pom.xml.
2024-07-19 13:24:40,451 [Worker-8: Creating maven-archetype-quickstart] INFO  o.e.m.j.i.AbstractJavaProjectConfigurator - Adding source folder /jpashop/src/main/java
2024-07-19 13:24:40,458 [Worker-8: Creating maven-archetype-quickstart] INFO  o.e.m.j.i.AbstractJavaProjectConfigurator - Adding source folder /jpashop/src/test/java
2024-07-19 13:24:40,569 [Worker-8: Creating maven-archetype-quickstart] INFO  o.e.m.c.i.p.ProjectConfigurationManager - Imported and configured 1 project(s) in 0 sec
2024-07-19 13:24:40,884 [Worker-22: Building] INFO  o.e.m.c.i.embedder.EclipseLogger - Using 'UTF-8' encoding to copy filtered resources.
2024-07-19 13:24:40,885 [Worker-22: Building] INFO  o.e.m.c.i.embedder.EclipseLogger - skip non existing resourceDirectory C:\Users\SAMSUNG\Desktop\workspace\jpashop\src\main\resources
2024-07-19 13:24:40,886 [Worker-22: Building] INFO  o.e.m.c.i.embedder.EclipseLogger - Using 'UTF-8' encoding to copy filtered resources.
2024-07-19 13:24:40,886 [Worker-22: Building] INFO  o.e.m.c.i.embedder.EclipseLogger - skip non existing resourceDirectory C:\Users\SAMSUNG\Desktop\workspace\jpashop\src\test\resources
2024-07-19 13:24:41,828 [Worker-22: Download sources and javadoc] INFO  o.e.m.c.i.e.AbstractTransferListenerAdapter - Downloading http://192.168.11.9:8888/repository/bandisnc-maven/junit/junit/3.8.1/junit-3.8.1-sources.jar
2024-07-19 13:24:41,860 [Worker-22: Download sources and javadoc] INFO  o.e.m.c.i.e.AbstractTransferListenerAdapter - Downloaded http://192.168.11.9:8888/repository/bandisnc-maven/junit/junit/3.8.1/junit-3.8.1-sources.jar
2024-07-19 13:24:42,036 [Worker-22: Download sources and javadoc] INFO  o.e.m.j.internal.DownloadSourcesJob - Downloaded sources for junit:junit:3.8.1
2024-07-19 13:24:42,917 [Worker-20: Building] INFO  o.e.m.c.i.embedder.EclipseLogger - Using 'UTF-8' encoding to copy filtered resources.
2024-07-19 13:24:42,922 [Worker-20: Building] INFO  o.e.m.c.i.embedder.EclipseLogger - skip non existing resourceDirectory C:\Users\SAMSUNG\Desktop\workspace\jpashop\src\main\resources
2024-07-19 13:24:42,924 [Worker-20: Building] INFO  o.e.m.c.i.embedder.EclipseLogger - Using 'UTF-8' encoding to copy filtered resources.
2024-07-19 13:24:42,924 [Worker-20: Building] INFO  o.e.m.c.i.embedder.EclipseLogger - skip non existing resourceDirectory C:\Users\SAMSUNG\Desktop\workspace\jpashop\src\test\resources
